SF:lib/src/utils/validation_utils.dart
DA:3,1
DA:6,1
DA:7,1
DA:11,1
DA:12,1
DA:16,1
DA:17,1
DA:25,1
DA:26,3
DA:34,1
DA:35,1
DA:43,1
DA:44,3
DA:52,1
DA:53,1
DA:61,1
DA:62,1
DA:64,1
DA:72,1
DA:73,3
DA:81,1
DA:82,2
DA:83,1
LF:23
LH:23
end_of_record
SF:lib/src/utils/intent_utils.dart
DA:9,1
DA:13,2
LF:2
LH:2
end_of_record
SF:lib/src/utils/currency_utils.dart
DA:9,2
DA:10,2
DA:11,2
DA:12,1
DA:15,2
DA:16,2
DA:17,2
DA:18,1
DA:21,2
DA:22,2
DA:23,2
DA:24,6
DA:25,2
DA:26,6
DA:29,4
DA:30,2
DA:32,4
DA:39,1
DA:40,2
DA:41,1
DA:44,1
DA:45,2
DA:49,2
DA:50,4
DA:55,1
DA:56,1
DA:57,1
DA:61,1
DA:64,2
DA:65,2
LF:30
LH:30
end_of_record
SF:lib/src/utils/regex_utils.dart
DA:4,1
DA:9,1
DA:10,5
LF:3
LH:3
end_of_record
SF:lib/src/utils/num_utils.dart
DA:4,1
DA:5,1
DA:9,1
DA:10,1
DA:14,1
DA:15,1
DA:19,1
DA:20,1
DA:27,1
DA:28,1
DA:32,1
DA:33,1
DA:37,1
DA:38,1
DA:42,1
DA:43,1
DA:47,1
DA:48,1
DA:55,1
DA:56,1
DA:60,1
DA:61,1
DA:65,1
DA:66,1
DA:70,1
DA:71,1
LF:26
LH:26
end_of_record
SF:lib/src/utils/date_time_utils.dart
DA:5,1
DA:8,1
DA:9,1
DA:14,1
DA:15,4
DA:16,4
DA:18,4
DA:22,1
DA:23,3
DA:27,1
DA:28,2
DA:32,1
DA:33,2
DA:37,1
DA:38,1
DA:40,1
DA:41,1
DA:42,1
DA:43,1
DA:49,1
DA:50,1
DA:53,1
DA:54,1
DA:55,1
DA:56,1
DA:57,1
DA:58,1
DA:59,1
DA:60,1
DA:61,1
DA:73,1
DA:74,2
DA:77,1
DA:78,1
DA:79,1
DA:80,1
DA:81,1
DA:82,1
DA:83,1
DA:84,1
DA:85,1
DA:99,1
DA:109,1
DA:112,1
DA:114,1
DA:124,1
DA:125,1
DA:129,1
DA:130,4
LF:49
LH:49
end_of_record
SF:lib/src/utils/context_utils.dart
DA:8,3
LF:1
LH:1
end_of_record
SF:lib/src/utils/color_utils.dart
DA:7,2
DA:8,2
DA:17,1
DA:19,1
DA:22,4
DA:27,2
DA:28,1
DA:33,3
LF:8
LH:8
end_of_record
SF:lib/src/utils/view_utils.dart
DA:7,1
DA:10,1
DA:11,1
DA:15,1
DA:21,1
DA:25,1
DA:26,1
DA:27,1
DA:28,1
DA:36,1
DA:37,1
DA:38,2
DA:39,3
DA:44,1
DA:45,1
DA:49,1
DA:50,1
DA:54,1
DA:55,2
DA:56,3
DA:60,1
DA:61,6
DA:65,1
DA:66,2
DA:67,4
LF:25
LH:25
end_of_record
SF:lib/src/utils/object_utils.dart
DA:2,1
DA:3,1
DA:9,1
DA:11,1
DA:19,2
DA:25,2
DA:30,1
DA:31,1
LF:8
LH:8
end_of_record
SF:lib/src/utils/vnd_currency_input_formatter.dart
DA:7,1
DA:11,1
DA:16,2
DA:18,1
DA:25,1
DA:27,1
DA:30,1
DA:32,2
LF:8
LH:8
end_of_record
SF:lib/src/utils/string_utils.dart
DA:4,1
DA:5,1
DA:9,4
LF:3
LH:3
end_of_record
SF:lib/src/utils/file_utils.dart
DA:14,1
DA:16,2
DA:31,1
DA:32,1
DA:34,1
DA:42,1
DA:48,1
DA:50,1
DA:52,2
DA:55,1
DA:57,2
DA:59,2
DA:60,2
DA:64,5
DA:66,1
DA:72,1
DA:73,2
DA:77,1
DA:78,2
DA:82,1
DA:83,2
DA:88,1
DA:90,2
DA:103,1
DA:105,1
DA:106,3
DA:107,1
DA:108,1
DA:109,1
DA:125,1
DA:127,1
DA:128,3
DA:129,1
DA:130,1
DA:131,1
DA:144,1
DA:145,1
DA:146,1
DA:148,1
DA:153,1
DA:155,2
DA:156,4
LF:42
LH:42
end_of_record
