SF:lib/src/localization/localization.dart
DA:7,0
DA:8,0
DA:12,0
DA:13,0
LF:4
LH:0
end_of_record
SF:lib/src/localization/locale_constants.dart
DA:3,0
LF:1
LH:0
end_of_record
SF:lib/l10n/gen/l10n.dart
DA:16,0
DA:20,0
DA:22,0
DA:30,0
DA:31,0
DA:32,0
DA:33,0
DA:34,0
DA:35,0
DA:36,0
DA:37,0
DA:44,0
DA:45,0
DA:47,0
DA:53,0
DA:54,0
DA:58,0
DA:59,0
DA:63,0
DA:68,0
DA:69,0
DA:73,0
DA:74,0
DA:78,0
DA:83,0
DA:84,0
DA:88,0
DA:89,0
DA:94,2
DA:96,0
DA:103,0
DA:104,0
DA:105,0
DA:106,0
DA:107,0
DA:110,0
DA:111,0
DA:112,0
LF:38
LH:1
end_of_record
SF:lib/l10n/gen/intl/messages_all.dart
DA:23,0
DA:24,0
DA:25,0
DA:28,0
DA:30,0
DA:31,0
DA:32,0
DA:33,0
DA:40,0
DA:41,0
DA:43,0
DA:44,0
DA:47,0
DA:49,0
DA:50,0
DA:51,0
DA:52,0
DA:53,0
DA:56,0
DA:58,0
DA:64,0
DA:65,0
DA:68,0
DA:71,0
LF:24
LH:0
end_of_record
SF:lib/l10n/gen/intl/messages_en.dart
DA:16,0
DA:21,0
DA:24,0
DA:25,0
DA:26,0
DA:27,0
DA:28,0
DA:29,0
LF:8
LH:0
end_of_record
SF:lib/l10n/gen/intl/messages_vi.dart
DA:16,0
DA:21,0
DA:24,0
DA:25,0
DA:26,0
DA:27,0
DA:28,0
DA:29,0
LF:8
LH:0
end_of_record
SF:lib/src/resources/images.dart
DA:7,0
DA:13,2
DA:16,1
DA:23,1
DA:24,1
DA:33,1
DA:40,1
DA:41,1
DA:46,1
DA:51,1
DA:52,2
LF:11
LH:10
end_of_record
SF:lib/src/theme/app_color_extension.dart
DA:8,0
DA:9,0
DA:10,0
DA:11,0
DA:14,0
DA:15,0
DA:18,0
DA:19,0
DA:20,0
DA:23,0
DA:24,0
DA:25,0
DA:28,0
DA:29,0
DA:34,1
DA:148,1
DA:200,1
DA:201,0
DA:202,1
DA:203,1
DA:204,1
DA:205,1
DA:206,1
DA:207,1
DA:208,1
DA:209,1
DA:210,1
DA:211,1
DA:212,1
DA:213,1
DA:214,1
DA:215,1
DA:216,1
DA:217,1
DA:218,1
DA:219,1
DA:220,1
DA:222,1
DA:224,1
DA:226,1
DA:227,1
DA:228,1
DA:230,1
DA:232,1
DA:234,1
DA:235,1
DA:236,1
DA:237,1
DA:239,1
DA:241,1
DA:242,1
DA:243,1
DA:244,1
DA:245,1
DA:246,0
DA:247,1
DA:248,1
DA:249,1
DA:250,1
DA:251,1
DA:252,1
DA:253,1
DA:254,1
DA:255,1
DA:256,1
DA:257,1
DA:262,1
DA:267,1
DA:271,1
DA:272,3
DA:273,3
DA:274,3
DA:275,3
DA:276,3
DA:277,3
DA:278,3
DA:279,3
DA:280,3
DA:281,3
DA:282,3
DA:283,3
DA:284,3
DA:285,3
DA:286,3
DA:287,3
DA:288,3
DA:289,3
DA:290,3
DA:292,3
DA:293,1
DA:294,2
DA:295,1
DA:296,2
DA:297,1
DA:298,2
DA:299,3
DA:300,3
DA:301,1
DA:302,2
DA:304,3
DA:306,3
DA:307,3
DA:308,3
DA:309,3
DA:310,1
DA:311,2
DA:313,3
DA:314,3
DA:315,3
DA:316,3
DA:317,3
DA:318,3
DA:319,3
DA:320,3
DA:321,3
DA:322,3
DA:323,3
DA:324,3
DA:325,3
DA:326,3
DA:327,3
DA:328,3
DA:329,3
DA:334,3
DA:336,1
DA:337,1
DA:338,1
DA:339,1
DA:340,1
DA:341,1
DA:342,1
DA:343,1
DA:344,1
DA:345,1
DA:346,1
DA:347,1
DA:350,1
DA:351,1
DA:352,1
DA:353,1
DA:354,1
DA:355,1
DA:356,1
DA:357,1
DA:358,1
DA:359,1
DA:360,1
DA:361,1
DA:362,1
DA:363,1
DA:364,1
DA:365,1
DA:366,1
DA:369,1
DA:370,1
DA:371,1
DA:372,1
DA:375,1
DA:376,1
DA:377,1
DA:378,1
DA:379,1
DA:380,1
DA:381,1
DA:382,1
DA:383,1
DA:384,1
DA:385,1
DA:386,1
DA:389,1
DA:390,1
DA:393,1
DA:394,1
DA:398,3
DA:400,1
DA:401,1
DA:402,1
DA:403,1
DA:404,1
DA:405,1
DA:406,1
DA:407,1
DA:408,1
DA:409,1
DA:410,1
DA:411,1
DA:414,1
DA:415,1
DA:416,1
DA:417,1
DA:418,1
DA:419,1
DA:420,1
DA:421,1
DA:422,1
DA:423,1
DA:424,1
DA:425,1
DA:426,1
DA:427,1
DA:428,1
DA:429,1
DA:430,1
DA:433,1
DA:434,1
DA:435,1
DA:436,1
DA:439,1
DA:440,1
DA:441,1
DA:442,1
DA:443,1
DA:444,1
DA:445,1
DA:446,1
DA:447,1
DA:448,1
DA:449,1
DA:450,1
DA:453,1
DA:454,1
DA:457,1
DA:458,1
DA:462,3
DA:464,1
DA:465,1
DA:466,1
DA:467,1
DA:468,1
DA:469,1
DA:470,1
DA:471,1
DA:472,1
DA:473,1
DA:474,1
DA:475,1
DA:478,1
DA:479,1
DA:480,1
DA:481,1
DA:482,1
DA:483,1
DA:484,1
DA:485,1
DA:486,1
DA:487,1
DA:488,1
DA:489,1
DA:490,1
DA:491,1
DA:492,1
DA:493,1
DA:494,1
DA:497,1
DA:498,1
DA:499,1
DA:500,1
DA:503,1
DA:504,1
DA:505,1
DA:506,1
DA:507,1
DA:508,1
DA:509,1
DA:510,1
DA:511,1
DA:512,1
DA:513,1
DA:514,1
DA:517,1
DA:518,1
DA:521,1
DA:522,1
LF:273
LH:257
end_of_record
SF:lib/src/theme/colors.dart
DA:5,0
LF:1
LH:0
end_of_record
SF:lib/src/theme/color_tokens.dart
DA:6,0
LF:1
LH:0
end_of_record
SF:lib/src/theme/app_theme.dart
DA:9,0
DA:12,1
DA:13,1
DA:15,2
DA:21,1
DA:22,1
DA:24,2
DA:30,1
DA:31,1
DA:33,2
DA:42,1
DA:44,1
DA:45,1
DA:46,1
DA:47,1
DA:48,1
DA:49,1
LF:17
LH:16
end_of_record
SF:lib/src/theme/typography.dart
DA:16,0
DA:21,1
DA:22,1
DA:34,2
DA:35,1
DA:39,1
DA:49,0
DA:50,0
DA:54,0
DA:64,0
DA:65,0
DA:69,0
DA:79,0
DA:80,0
DA:84,0
DA:94,0
DA:95,0
DA:99,0
DA:109,2
DA:110,1
DA:114,1
DA:124,0
DA:125,0
DA:129,0
DA:139,0
DA:140,0
DA:144,0
DA:154,0
DA:155,0
DA:159,0
DA:169,0
DA:170,0
DA:174,0
DA:184,0
DA:185,0
DA:189,0
DA:199,2
DA:200,1
DA:204,1
DA:214,0
DA:215,0
DA:219,0
DA:229,0
DA:230,0
DA:234,0
DA:244,0
DA:245,0
DA:249,0
DA:259,0
DA:260,0
DA:264,0
DA:274,0
DA:275,0
DA:279,0
DA:289,0
DA:290,0
DA:294,0
DA:304,0
DA:305,0
DA:309,0
DA:319,0
DA:320,0
DA:324,0
DA:334,0
DA:335,0
DA:339,0
DA:349,0
DA:350,0
DA:354,0
DA:362,2
DA:364,1
DA:383,2
DA:392,2
LF:73
LH:15
end_of_record
SF:lib/src/localization/locale_service_impl.dart
DA:8,1
DA:9,2
DA:12,1
DA:14,1
LF:4
LH:4
end_of_record
