SF:lib/core/auth/current_user.dart
DA:2,1
DA:14,3
DA:16,2
DA:19,0
DA:20,0
DA:21,0
DA:22,0
DA:23,0
DA:26,1
DA:27,5
LF:10
LH:5
end_of_record
SF:lib/core/domain/entities/user_entity.dart
DA:12,6
DA:22,4
DA:23,4
DA:24,4
DA:25,4
DA:26,4
DA:27,4
DA:28,4
DA:29,4
DA:30,4
DA:33,1
DA:35,1
DA:36,1
DA:37,1
DA:38,1
DA:39,1
DA:40,1
DA:41,1
DA:42,1
DA:46,1
DA:55,1
DA:56,1
DA:57,0
DA:58,1
DA:59,1
DA:60,1
DA:61,1
DA:62,1
LF:28
LH:27
end_of_record
SF:lib/features/home/presentation/home/bloc/home_bloc.dart
DA:12,2
DA:13,2
DA:16,1
DA:17,1
DA:19,4
DA:20,1
DA:21,2
DA:22,1
DA:23,1
DA:24,2
DA:25,2
LF:11
LH:11
end_of_record
SF:lib/features/home/presentation/home/bloc/home_event.dart
DA:5,2
DA:7,0
DA:8,0
DA:12,2
LF:4
LH:2
end_of_record
SF:lib/features/home/presentation/home/bloc/home_state.dart
DA:6,3
DA:8,0
DA:9,0
DA:13,3
DA:17,3
DA:23,2
DA:25,1
DA:26,2
DA:28,1
DA:29,1
DA:36,2
DA:38,1
DA:39,2
LF:13
LH:11
end_of_record
SF:lib/features/profile_setting/domain/usecases/get_user_usecase.dart
DA:8,1
DA:12,1
DA:14,1
DA:15,3
DA:16,2
DA:20,1
DA:21,1
DA:24,1
DA:25,1
DA:26,1
DA:31,0
DA:32,0
LF:12
LH:10
end_of_record
SF:lib/features/home/presentation/home/bloc/home_effect.dart
DA:4,1
DA:12,1
LF:2
LH:2
end_of_record
SF:lib/features/home/presentation/summary/bloc/summary_bloc.dart
DA:15,1
DA:19,1
DA:20,2
DA:21,2
DA:22,2
DA:23,2
DA:35,1
DA:39,3
DA:41,4
DA:42,3
DA:43,0
DA:44,0
DA:49,1
DA:50,4
DA:51,3
DA:52,0
DA:53,0
DA:54,0
DA:58,0
DA:59,0
DA:60,0
DA:62,0
DA:65,0
DA:69,1
DA:73,2
DA:74,1
DA:77,1
DA:81,2
DA:82,1
DA:85,1
DA:89,4
DA:90,3
DA:93,1
DA:94,2
DA:95,2
DA:96,2
DA:97,5
DA:98,2
DA:100,1
DA:101,2
DA:111,1
DA:112,2
DA:113,1
DA:116,2
DA:117,1
DA:118,2
DA:123,1
DA:124,1
DA:126,2
DA:127,4
DA:128,4
DA:129,4
DA:132,1
DA:134,2
DA:135,2
DA:136,1
LF:56
LH:46
end_of_record
SF:lib/features/home/presentation/summary/bloc/summary_event.dart
DA:6,2
DA:8,0
DA:9,0
DA:13,1
DA:17,2
DA:21,1
DA:22,2
DA:26,2
DA:30,1
DA:31,2
DA:35,2
DA:39,1
DA:40,2
LF:13
LH:11
end_of_record
SF:lib/features/home/presentation/summary/bloc/summary_state.dart
DA:5,2
DA:19,1
DA:27,1
DA:28,1
DA:29,1
DA:30,1
DA:31,0
DA:32,0
DA:36,1
DA:37,1
DA:38,1
DA:39,1
DA:40,1
DA:41,1
DA:42,1
LF:15
LH:13
end_of_record
SF:lib/features/transactions/domain/entities/transaction_entity.dart
DA:4,11
DA:20,3
DA:21,3
DA:22,3
DA:23,3
DA:24,3
DA:25,3
DA:26,3
DA:27,3
DA:30,1
DA:31,1
DA:32,1
DA:33,1
DA:34,1
DA:35,2
DA:36,1
DA:37,1
DA:40,2
DA:48,2
DA:49,1
DA:50,1
DA:51,1
DA:52,2
DA:53,2
DA:54,1
LF:25
LH:25
end_of_record
SF:lib/features/transactions/domain/usecases/watch_transactions_usecase.dart
DA:7,4
DA:11,4
DA:12,8
LF:3
LH:3
end_of_record
SF:lib/features/home/presentation/summary/bloc/summary_effect.dart
DA:4,1
DA:8,1
LF:2
LH:2
end_of_record
SF:lib/features/transactions/domain/usecases/transactions_failure_mapper.dart
DA:4,5
DA:5,5
DA:8,5
DA:9,5
DA:10,5
DA:15,1
DA:16,1
DA:17,1
DA:18,1
DA:19,1
DA:25,1
DA:26,1
LF:12
LH:12
end_of_record
SF:lib/features/auth/domain/usecases/sign_in_with_fb_usecase.dart
DA:8,2
DA:12,1
DA:14,1
DA:15,3
DA:16,1
DA:20,1
DA:21,1
DA:24,1
DA:25,1
DA:26,1
DA:31,1
DA:32,0
DA:33,0
DA:38,1
DA:39,1
LF:15
LH:13
end_of_record
SF:lib/features/auth/domain/usecases/sign_in_with_google_usecase.dart
DA:8,2
DA:12,2
DA:14,2
DA:15,6
DA:16,2
DA:20,2
DA:21,2
DA:24,2
DA:25,2
DA:26,2
DA:31,1
DA:32,0
DA:33,0
DA:38,1
DA:39,1
LF:15
LH:13
end_of_record
SF:lib/features/auth/domain/usecases/sign_out_usecase.dart
DA:7,2
DA:11,2
DA:13,8
DA:16,1
DA:17,1
DA:20,1
DA:21,1
DA:22,1
DA:27,1
DA:28,0
DA:29,0
DA:34,1
DA:35,1
LF:13
LH:11
end_of_record
SF:lib/features/auth/domain/usecases/watch_auth_state_usecase.dart
DA:7,1
DA:11,1
DA:12,2
LF:3
LH:3
end_of_record
SF:lib/features/auth/presentation/login/bloc/auth_bloc.dart
DA:16,1
DA:22,1
DA:23,2
DA:24,2
DA:25,2
DA:26,2
DA:27,2
DA:28,2
DA:38,1
DA:42,1
DA:46,5
DA:47,3
DA:48,0
DA:50,0
DA:51,0
DA:56,1
DA:61,1
DA:62,1
DA:63,2
DA:65,1
DA:72,1
DA:76,4
DA:77,3
DA:80,1
DA:84,1
DA:86,4
DA:87,2
DA:88,2
DA:89,1
DA:90,1
DA:91,2
DA:92,2
DA:99,0
DA:103,0
DA:105,0
DA:106,0
DA:107,0
DA:108,0
DA:109,0
DA:110,0
DA:111,0
DA:118,1
DA:122,1
DA:124,4
DA:125,2
DA:126,2
DA:127,0
DA:128,0
DA:129,0
DA:130,0
DA:137,1
DA:139,2
DA:140,1
LF:53
LH:37
end_of_record
SF:lib/features/auth/presentation/login/bloc/auth_event.dart
DA:5,2
DA:7,0
DA:12,1
DA:16,2
DA:20,1
DA:24,2
DA:28,2
DA:32,1
DA:33,2
DA:37,2
DA:41,1
DA:42,2
LF:12
LH:11
end_of_record
SF:lib/features/auth/presentation/login/bloc/auth_state.dart
DA:7,1
DA:14,2
DA:25,0
DA:27,1
DA:34,1
DA:35,1
DA:36,1
DA:37,0
DA:38,1
DA:42,1
DA:43,5
LF:11
LH:9
end_of_record
SF:lib/features/auth/presentation/login/bloc/auth_effect.dart
DA:4,1
DA:8,1
LF:2
LH:2
end_of_record
SF:lib/features/add_expense/presentation/add_expense/bloc/expense_bloc.dart
DA:10,1
DA:11,3
DA:12,2
DA:13,2
DA:14,2
DA:19,1
DA:23,3
DA:24,1
DA:28,2
DA:29,1
DA:33,3
DA:34,1
DA:38,1
DA:40,2
DA:41,1
DA:42,2
DA:43,5
DA:44,1
DA:47,1
DA:49,4
DA:50,1
DA:51,1
DA:52,1
DA:53,1
DA:54,2
DA:61,1
DA:62,3
DA:65,1
DA:66,1
LF:29
LH:29
end_of_record
SF:lib/features/add_expense/presentation/add_expense/bloc/expense_event.dart
DA:5,2
DA:7,0
DA:8,0
DA:18,2
DA:26,1
DA:27,6
DA:31,2
DA:35,2
LF:8
LH:6
end_of_record
SF:lib/features/add_expense/presentation/add_expense/bloc/expense_state.dart
DA:5,3
DA:7,0
DA:8,0
DA:12,2
DA:16,2
DA:20,2
DA:26,2
DA:28,1
DA:29,2
DA:39,2
DA:47,1
DA:48,6
DA:50,1
DA:57,1
DA:58,0
DA:59,0
DA:60,0
DA:61,0
DA:62,0
LF:19
LH:12
end_of_record
SF:lib/features/transactions/domain/usecases/add_transaction_usecase.dart
DA:7,3
DA:14,3
DA:18,3
DA:20,3
DA:21,12
LF:5
LH:5
end_of_record
SF:lib/features/add_expense/presentation/add_expense/services/expense_ai_service.dart
DA:13,1
DA:21,1
DA:22,1
DA:23,1
DA:24,1
DA:25,1
DA:26,1
DA:27,2
DA:31,1
DA:32,1
DA:33,1
DA:34,2
DA:35,1
DA:36,1
DA:37,3
DA:46,0
DA:47,0
DA:50,0
DA:52,0
DA:54,0
DA:55,0
DA:56,0
DA:57,0
DA:58,0
DA:61,0
DA:63,0
DA:67,1
DA:69,1
DA:70,1
DA:72,2
DA:75,1
DA:76,1
DA:77,5
DA:78,2
DA:85,1
DA:89,0
DA:111,1
DA:113,2
DA:114,1
DA:115,1
DA:116,1
DA:117,1
DA:123,1
DA:124,1
DA:125,1
DA:131,2
DA:132,2
DA:134,6
DA:135,1
DA:136,1
DA:137,1
DA:139,1
DA:140,3
DA:144,1
DA:147,0
DA:153,1
DA:155,1
DA:158,2
DA:160,2
DA:164,1
DA:165,1
DA:166,0
DA:167,0
DA:169,0
DA:170,0
DA:171,0
DA:173,0
DA:174,0
DA:175,0
DA:179,1
DA:183,4
DA:188,0
DA:194,0
DA:196,0
DA:197,0
DA:201,0
DA:204,0
DA:209,0
DA:210,0
LF:79
LH:50
end_of_record
SF:lib/features/transactions/data/datasources/transactions_remote_data_source.dart
DA:8,1
DA:12,1
DA:13,4
DA:16,1
DA:17,3
DA:20,1
DA:21,1
DA:22,1
DA:23,1
DA:24,1
DA:25,1
DA:26,1
DA:27,1
DA:28,3
DA:29,1
DA:34,1
DA:35,1
DA:36,1
DA:37,1
DA:38,1
DA:39,1
DA:40,3
DA:41,1
DA:44,1
DA:45,4
DA:46,1
DA:47,1
DA:51,1
DA:52,1
DA:53,2
DA:54,3
DA:57,1
DA:58,3
DA:59,1
DA:61,1
DA:63,1
LF:36
LH:36
end_of_record
SF:lib/features/transactions/data/models/transaction_model.dart
DA:5,3
DA:23,2
DA:24,2
DA:25,2
DA:26,2
DA:27,2
DA:28,2
DA:29,2
DA:30,2
DA:34,0
DA:43,0
DA:44,0
DA:45,0
DA:46,0
DA:47,0
DA:48,0
DA:49,0
DA:50,0
DA:54,2
DA:55,2
DA:56,2
DA:57,2
DA:58,4
DA:59,2
DA:60,2
DA:61,2
DA:62,2
DA:66,4
DA:71,2
DA:72,2
DA:73,2
DA:75,2
DA:76,2
DA:77,0
DA:79,0
DA:80,0
DA:83,2
DA:84,2
DA:85,2
DA:86,4
DA:87,0
DA:88,2
DA:89,2
DA:90,2
DA:94,2
DA:95,2
DA:96,2
DA:97,2
DA:98,2
DA:99,2
DA:100,2
DA:101,2
LF:52
LH:39
end_of_record
SF:lib/features/transactions/data/repositories/transactions_repository_impl.dart
DA:12,1
DA:20,1
DA:22,1
DA:23,4
DA:26,0
DA:28,0
DA:29,0
DA:30,0
DA:33,1
DA:35,1
DA:36,2
DA:37,2
DA:38,0
DA:39,1
DA:40,1
DA:42,2
DA:45,1
DA:47,1
DA:48,1
DA:49,2
DA:52,1
DA:54,1
DA:55,2
DA:58,1
DA:59,4
DA:62,1
DA:63,2
DA:64,1
DA:65,1
DA:66,1
LF:30
LH:25
end_of_record
SF:lib/features/transactions/domain/usecases/delete_transaction_usecase.dart
DA:6,2
DA:14,2
DA:18,2
DA:20,2
DA:21,8
LF:5
LH:5
end_of_record
SF:lib/features/transactions/domain/usecases/update_transaction_usecase.dart
DA:7,2
DA:15,2
DA:19,2
DA:21,2
DA:22,8
LF:5
LH:5
end_of_record
SF:lib/features/transactions/presentation/transactions/bloc/transactions_bloc.dart
DA:17,1
DA:22,1
DA:23,2
DA:24,2
DA:25,2
DA:26,2
DA:27,2
DA:28,2
DA:38,1
DA:42,1
DA:46,3
DA:49,3
DA:50,2
DA:51,3
DA:52,0
DA:53,0
DA:54,0
DA:58,1
DA:59,1
DA:60,2
DA:62,1
DA:65,1
DA:66,2
DA:71,1
DA:75,1
DA:76,2
DA:77,1
DA:84,1
DA:88,4
DA:89,3
DA:92,1
DA:96,1
DA:98,5
DA:99,2
DA:100,2
DA:101,1
DA:102,1
DA:103,2
DA:104,2
DA:111,1
DA:115,1
DA:117,1
DA:118,4
DA:119,2
DA:120,0
DA:121,1
DA:122,1
DA:123,2
DA:124,2
DA:131,1
DA:135,1
DA:137,5
DA:138,2
DA:139,2
DA:140,1
DA:141,1
DA:142,2
DA:143,2
DA:150,1
DA:152,2
DA:153,1
LF:61
LH:57
end_of_record
SF:lib/features/transactions/presentation/transactions/bloc/transactions_effect.dart
DA:4,1
DA:8,1
DA:14,0
LF:3
LH:2
end_of_record
SF:lib/features/transactions/presentation/transactions/bloc/transactions_event.dart
DA:5,2
DA:7,0
DA:8,0
DA:12,1
DA:16,2
DA:20,1
DA:21,2
DA:25,2
DA:29,1
DA:30,2
DA:34,2
DA:38,1
DA:39,2
DA:43,2
DA:47,1
DA:48,2
DA:52,2
DA:56,1
DA:57,2
LF:19
LH:17
end_of_record
SF:lib/features/transactions/presentation/transactions/bloc/transactions_state.dart
DA:5,2
DA:15,1
DA:21,1
DA:22,1
DA:23,0
DA:24,1
DA:28,1
DA:29,1
DA:30,1
DA:31,1
DA:32,1
LF:11
LH:10
end_of_record
SF:lib/features/profile_setting/domain/usecases/profile_failure_mapper.dart
DA:4,1
DA:5,1
DA:8,1
DA:9,1
DA:10,1
DA:15,1
DA:17,2
DA:18,1
DA:19,1
DA:25,1
DA:26,1
LF:11
LH:11
end_of_record
SF:lib/features/profile_setting/domain/entities/user_profile_entity.dart
DA:4,3
DA:18,3
DA:19,3
DA:20,3
DA:21,3
DA:22,3
DA:23,3
DA:24,3
DA:27,1
DA:28,1
DA:29,1
DA:30,1
DA:31,1
DA:32,1
DA:33,1
DA:36,2
DA:43,2
DA:44,2
DA:45,2
DA:46,1
DA:47,1
DA:48,1
LF:22
LH:22
end_of_record
SF:lib/features/profile_setting/presentation/profile/bloc/profile_event.dart
DA:7,2
DA:9,0
DA:10,0
DA:14,0
DA:18,2
DA:22,1
DA:23,2
DA:27,1
DA:35,1
DA:36,3
DA:40,2
DA:48,1
DA:49,3
DA:53,0
DA:57,1
DA:61,1
DA:62,2
LF:17
LH:13
end_of_record
SF:lib/features/profile_setting/domain/usecases/update_profile_usecase.dart
DA:7,1
DA:14,1
DA:18,1
DA:20,1
DA:21,4
LF:5
LH:5
end_of_record
SF:lib/features/profile_setting/domain/usecases/upload_avatar_usecase.dart
DA:8,1
DA:21,1
DA:25,1
DA:27,1
DA:28,3
DA:29,1
DA:30,1
DA:31,1
LF:8
LH:8
end_of_record
SF:lib/features/profile_setting/domain/usecases/watch_profile_usecase.dart
DA:6,1
DA:13,1
DA:17,1
DA:18,3
LF:4
LH:4
end_of_record
SF:lib/features/profile_setting/presentation/profile/bloc/profile_bloc.dart
DA:17,1
DA:24,1
DA:25,2
DA:26,2
DA:27,2
DA:28,2
DA:29,2
DA:30,2
DA:43,1
DA:47,3
DA:48,2
DA:49,1
DA:51,1
DA:52,2
DA:57,1
DA:60,1
DA:62,1
DA:63,3
DA:65,1
DA:66,4
DA:67,1
DA:69,0
DA:70,1
DA:71,2
DA:73,0
DA:74,0
DA:75,0
DA:80,1
DA:84,1
DA:85,2
DA:86,1
DA:93,1
DA:97,2
DA:99,0
DA:103,1
DA:104,3
DA:105,0
DA:106,2
DA:107,2
DA:110,1
DA:112,1
DA:113,3
DA:114,2
DA:115,2
DA:119,0
DA:120,0
DA:121,0
DA:122,0
DA:127,0
DA:134,1
DA:138,2
DA:139,1
DA:141,0
DA:146,1
DA:148,3
DA:149,1
DA:151,1
DA:152,1
DA:155,2
DA:159,1
DA:161,1
DA:165,0
DA:166,0
DA:167,0
DA:168,0
DA:173,0
DA:183,1
DA:184,1
DA:186,1
DA:187,3
DA:188,2
DA:189,2
DA:193,0
DA:194,0
DA:195,0
DA:196,0
DA:201,0
DA:208,1
DA:212,1
DA:214,2
DA:215,2
DA:218,2
DA:219,1
DA:220,1
DA:221,1
DA:223,0
DA:224,0
DA:225,0
DA:226,0
DA:231,0
DA:238,0
DA:242,0
DA:243,0
DA:245,0
DA:248,0
DA:251,1
DA:252,1
DA:253,1
DA:254,1
DA:255,1
DA:256,1
DA:257,1
DA:261,1
DA:262,1
DA:263,1
DA:264,3
DA:265,1
DA:266,2
DA:270,1
DA:272,2
DA:273,1
LF:111
LH:79
end_of_record
SF:lib/features/profile_setting/presentation/profile/bloc/profile_state.dart
DA:5,1
DA:19,1
DA:27,1
DA:28,1
DA:29,1
DA:30,1
DA:31,1
DA:32,1
DA:36,1
DA:37,1
DA:38,1
DA:39,1
DA:40,1
DA:41,1
DA:42,1
LF:15
LH:15
end_of_record
SF:lib/features/profile_setting/presentation/profile/bloc/profile_effect.dart
DA:4,1
DA:8,1
DA:14,1
LF:3
LH:3
end_of_record
SF:lib/features/categories/application/categories_service.dart
DA:7,1
DA:14,1
DA:18,1
DA:22,1
DA:28,5
DA:29,1
DA:30,1
DA:31,1
DA:34,0
DA:38,1
DA:43,1
DA:47,0
DA:48,0
LF:13
LH:10
end_of_record
SF:lib/features/categories/domain/entities/category_entity.dart
DA:4,4
DA:10,4
DA:11,16
DA:20,1
DA:21,1
DA:22,3
DA:23,2
DA:25,3
DA:26,2
DA:28,2
DA:29,0
DA:30,0
DA:31,0
DA:33,0
DA:37,1
DA:40,2
DA:41,2
DA:42,2
DA:43,2
DA:44,2
DA:45,2
DA:46,2
DA:49,1
DA:50,1
DA:51,2
DA:52,2
DA:53,2
DA:54,2
DA:55,3
LF:29
LH:25
end_of_record
SF:lib/features/categories/domain/usecases/load_categories_usecase.dart
DA:7,2
DA:11,2
DA:13,2
DA:14,4
DA:15,2
DA:19,1
DA:20,1
DA:23,1
DA:24,1
LF:9
LH:9
end_of_record
SF:lib/features/categories/data/datasources/category_remote_data_source.dart
DA:7,1
DA:11,1
DA:12,1
DA:13,1
DA:14,1
DA:15,1
DA:16,2
DA:17,1
DA:18,1
DA:22,1
DA:23,3
DA:24,1
DA:25,1
DA:26,1
LF:14
LH:14
end_of_record
SF:lib/features/categories/data/models/category_model.dart
DA:5,2
DA:19,1
DA:20,1
DA:21,1
DA:22,1
DA:23,1
DA:24,1
DA:25,1
DA:29,1
DA:32,2
DA:33,1
DA:34,1
DA:36,1
DA:37,2
DA:38,3
DA:41,0
DA:44,1
DA:45,1
DA:46,1
DA:47,1
DA:49,2
LF:21
LH:20
end_of_record
SF:lib/features/categories/data/repositories/category_repository_impl.dart
DA:9,1
DA:13,1
DA:15,4
DA:16,1
DA:20,1
DA:22,2
DA:23,1
DA:26,1
DA:28,3
DA:29,3
DA:30,1
DA:31,2
DA:32,1
DA:33,1
DA:35,1
DA:38,0
DA:43,3
LF:17
LH:16
end_of_record
SF:lib/features/budget/data/models/budget_model.dart
DA:5,3
DA:21,2
DA:22,2
DA:23,2
DA:24,2
DA:25,2
DA:26,2
DA:27,2
DA:28,2
DA:32,0
DA:40,0
DA:41,0
DA:42,0
DA:43,0
DA:44,0
DA:45,0
DA:46,0
DA:50,2
DA:51,2
DA:52,2
DA:53,2
DA:54,2
DA:55,4
DA:56,4
DA:57,2
DA:59,4
DA:60,4
DA:63,4
DA:68,2
DA:71,2
DA:72,2
DA:73,2
DA:74,2
DA:76,0
DA:79,0
DA:80,0
DA:82,0
DA:85,2
DA:86,2
DA:87,2
DA:88,2
DA:90,4
DA:91,4
DA:92,4
DA:93,2
DA:94,0
DA:99,2
DA:100,2
DA:101,2
DA:102,2
DA:103,2
DA:104,2
DA:105,2
DA:106,2
LF:54
LH:41
end_of_record
SF:lib/features/budget/domain/entities/budget_entity.dart
DA:4,7
DA:20,3
DA:21,3
DA:22,3
DA:23,3
DA:24,3
DA:25,3
DA:26,3
DA:27,3
DA:30,1
DA:31,1
DA:32,1
DA:33,1
DA:34,1
DA:35,2
DA:36,2
DA:37,1
DA:40,2
DA:48,2
DA:49,1
DA:50,1
DA:51,1
DA:52,2
DA:53,2
DA:54,1
LF:25
LH:25
end_of_record
SF:lib/features/budget/data/datasources/budget_remote_data_source.dart
DA:8,1
DA:12,1
DA:13,4
DA:16,1
DA:17,3
DA:20,1
DA:21,1
DA:22,1
DA:23,1
DA:24,3
DA:25,1
DA:26,1
DA:29,1
DA:30,4
DA:31,1
DA:32,1
DA:36,1
DA:37,1
DA:38,2
DA:39,3
DA:42,1
DA:43,3
LF:22
LH:22
end_of_record
SF:lib/features/budget/data/repositories/budget_repository_impl.dart
DA:10,1
DA:18,1
DA:20,1
DA:21,3
DA:22,1
DA:23,3
DA:24,1
DA:28,1
DA:30,1
DA:31,2
DA:32,2
DA:33,0
DA:34,2
DA:35,2
DA:38,1
DA:40,1
DA:41,1
DA:42,2
DA:45,1
DA:47,1
DA:48,2
DA:51,1
DA:52,2
DA:53,1
DA:54,1
DA:55,1
LF:26
LH:25
end_of_record
SF:lib/features/budget/domain/usecases/budget_failure_mapper.dart
DA:4,3
DA:5,3
DA:8,3
DA:9,3
DA:10,3
DA:15,1
DA:17,4
DA:18,1
DA:19,1
DA:25,1
DA:26,1
LF:11
LH:11
end_of_record
SF:lib/features/budget/domain/usecases/add_budget_usecase.dart
DA:7,2
DA:14,2
DA:18,2
DA:20,2
DA:21,8
LF:5
LH:5
end_of_record
SF:lib/features/budget/domain/usecases/delete_budget_usecase.dart
DA:6,2
DA:13,2
DA:17,2
DA:19,2
DA:20,8
LF:5
LH:5
end_of_record
SF:lib/features/budget/domain/usecases/update_budget_usecase.dart
DA:7,2
DA:14,2
DA:18,2
DA:20,2
DA:21,8
LF:5
LH:5
end_of_record
SF:lib/features/budget/domain/usecases/watch_budgets_usecase.dart
DA:7,2
DA:11,2
DA:12,4
LF:3
LH:3
end_of_record
SF:lib/features/budget/domain/entities/budget_progress.dart
DA:4,2
DA:16,2
DA:17,2
DA:18,2
DA:19,2
DA:20,2
DA:21,2
DA:24,1
DA:25,1
DA:26,1
DA:27,1
DA:28,1
DA:29,1
LF:13
LH:13
end_of_record
SF:lib/features/budget/presentation/budget/bloc/budget_bloc.dart
DA:21,1
DA:27,1
DA:28,2
DA:29,2
DA:30,2
DA:31,2
DA:32,2
DA:33,2
DA:34,2
DA:35,2
DA:49,1
DA:53,1
DA:57,3
DA:60,5
DA:61,3
DA:62,0
DA:63,0
DA:64,0
DA:68,1
DA:69,3
DA:70,3
DA:74,5
DA:75,3
DA:76,0
DA:77,0
DA:78,0
DA:82,1
DA:83,3
DA:84,3
DA:88,1
DA:92,3
DA:95,1
DA:99,2
DA:100,1
DA:103,1
DA:107,2
DA:108,1
DA:111,1
DA:115,3
DA:116,3
DA:119,1
DA:123,1
DA:125,5
DA:126,2
DA:127,2
DA:128,1
DA:129,1
DA:130,2
DA:131,2
DA:138,1
DA:142,1
DA:144,5
DA:145,2
DA:146,2
DA:147,0
DA:148,0
DA:149,0
DA:150,0
DA:157,1
DA:161,1
DA:163,5
DA:164,2
DA:165,2
DA:166,0
DA:167,0
DA:168,0
DA:169,0
DA:176,1
DA:177,3
DA:178,1
DA:179,2
DA:180,2
DA:188,1
DA:192,1
DA:193,2
DA:195,3
DA:196,5
DA:197,2
DA:199,4
DA:201,3
DA:202,1
DA:211,1
DA:212,3
DA:213,3
DA:214,3
DA:215,1
DA:216,2
DA:217,3
DA:218,3
DA:222,1
DA:223,2
DA:226,1
DA:228,2
DA:229,2
DA:230,1
LF:95
LH:81
end_of_record
SF:lib/features/budget/presentation/budget/bloc/budget_effect.dart
DA:5,2
DA:9,2
DA:15,2
LF:3
LH:3
end_of_record
SF:lib/features/budget/presentation/budget/bloc/budget_event.dart
DA:6,2
DA:8,0
DA:9,0
DA:13,1
DA:19,2
DA:21,1
DA:22,2
DA:26,2
DA:30,1
DA:31,2
DA:35,2
DA:39,1
DA:40,2
DA:44,1
DA:48,1
DA:49,2
DA:53,2
DA:57,1
DA:58,2
DA:62,2
DA:66,1
DA:67,2
DA:71,1
DA:75,1
DA:76,2
LF:25
LH:23
end_of_record
SF:lib/features/budget/presentation/budget/bloc/budget_state.dart
DA:6,2
DA:18,1
DA:25,1
DA:26,1
DA:27,1
DA:28,0
DA:29,1
DA:33,1
DA:34,1
DA:35,1
DA:36,1
DA:37,1
DA:38,1
LF:13
LH:12
end_of_record
