SF:lib/core/auth/current_user.dart
DA:2,2
DA:14,3
DA:16,2
DA:19,0
DA:20,0
DA:21,0
DA:22,0
DA:23,0
DA:26,1
DA:27,5
LF:10
LH:5
end_of_record
SF:lib/core/workspace/workspace_context.dart
DA:7,5
DA:17,3
DA:19,1
DA:24,1
DA:25,1
DA:26,1
DA:27,1
LF:7
LH:7
end_of_record
SF:lib/core/domain/entities/user_entity.dart
DA:12,6
DA:22,4
DA:23,4
DA:24,4
DA:25,4
DA:26,4
DA:27,4
DA:28,4
DA:29,4
DA:30,4
DA:33,1
DA:35,1
DA:36,1
DA:37,1
DA:38,1
DA:39,1
DA:40,1
DA:41,1
DA:42,1
DA:46,1
DA:55,1
DA:56,1
DA:57,0
DA:58,1
DA:59,1
DA:60,1
DA:61,1
DA:62,1
LF:28
LH:27
end_of_record
SF:lib/features/home/presentation/home/bloc/home_bloc.dart
DA:12,2
DA:13,2
DA:16,1
DA:17,1
DA:19,4
DA:20,1
DA:21,2
DA:22,1
DA:23,1
DA:24,2
DA:25,2
LF:11
LH:11
end_of_record
SF:lib/features/home/presentation/home/bloc/home_event.dart
DA:5,1
DA:7,0
DA:8,0
DA:12,1
LF:4
LH:2
end_of_record
SF:lib/features/home/presentation/home/bloc/home_state.dart
DA:6,2
DA:8,0
DA:9,0
DA:13,1
DA:17,1
DA:23,2
DA:25,1
DA:26,2
DA:28,1
DA:29,1
DA:36,1
DA:38,1
DA:39,2
LF:13
LH:11
end_of_record
SF:lib/features/profile_setting/domain/usecases/get_user_usecase.dart
DA:8,1
DA:12,1
DA:14,1
DA:15,3
DA:16,2
DA:20,1
DA:21,1
DA:24,1
DA:25,1
DA:26,1
DA:31,0
DA:32,0
LF:12
LH:10
end_of_record
SF:lib/features/home/presentation/home/bloc/home_effect.dart
DA:4,1
DA:12,1
LF:2
LH:2
end_of_record
SF:lib/core/enums/transaction_type.dart
DA:6,3
DA:10,3
DA:13,3
DA:14,6
DA:16,3
DA:18,1
DA:25,5
DA:27,5
DA:29,0
DA:35,2
DA:37,0
LF:11
LH:9
end_of_record
SF:lib/features/home/presentation/summary/bloc/summary_bloc.dart
DA:15,1
DA:19,1
DA:20,2
DA:21,2
DA:22,2
DA:23,2
DA:35,1
DA:39,3
DA:41,4
DA:42,3
DA:43,0
DA:44,0
DA:49,5
DA:50,3
DA:51,0
DA:52,0
DA:53,0
DA:57,0
DA:58,0
DA:59,0
DA:61,0
DA:64,0
DA:68,1
DA:69,2
DA:70,1
DA:73,1
DA:77,2
DA:78,1
DA:81,1
DA:82,4
DA:83,3
DA:86,1
DA:87,2
DA:88,1
DA:89,1
DA:90,4
DA:91,1
DA:92,1
DA:94,1
DA:95,2
DA:96,3
DA:98,2
DA:99,1
DA:100,4
DA:101,4
DA:105,2
DA:106,2
DA:107,2
DA:109,2
DA:113,2
DA:114,2
DA:117,3
DA:118,1
DA:119,0
DA:122,0
DA:123,0
DA:126,1
DA:127,1
DA:128,1
DA:129,3
DA:131,1
DA:132,5
DA:134,1
DA:135,2
DA:136,5
DA:137,2
DA:139,1
DA:140,2
DA:153,1
DA:154,2
DA:155,1
DA:158,2
DA:159,1
DA:160,2
DA:165,1
DA:167,2
DA:168,2
DA:169,1
LF:78
LH:65
end_of_record
SF:lib/features/home/presentation/summary/bloc/summary_event.dart
DA:6,2
DA:8,0
DA:9,0
DA:13,1
DA:17,2
DA:21,1
DA:22,2
DA:26,2
DA:30,1
DA:31,2
DA:35,2
DA:39,1
DA:40,2
LF:13
LH:11
end_of_record
SF:lib/features/home/presentation/summary/bloc/summary_state.dart
DA:5,2
DA:25,1
DA:36,1
DA:37,1
DA:38,1
DA:39,1
DA:40,1
DA:41,1
DA:42,1
DA:43,0
DA:44,0
DA:48,1
DA:49,1
DA:50,1
DA:51,1
DA:52,1
DA:53,1
DA:54,1
DA:55,1
DA:56,1
DA:57,1
DA:62,1
DA:67,1
DA:68,3
LF:24
LH:22
end_of_record
SF:lib/features/transactions/domain/entities/transaction_entity.dart
DA:5,11
DA:33,3
DA:34,3
DA:35,3
DA:36,3
DA:37,3
DA:38,3
DA:39,3
DA:40,3
DA:41,3
DA:42,3
DA:43,3
DA:44,3
DA:45,3
DA:46,3
DA:49,1
DA:50,1
DA:51,1
DA:52,1
DA:53,1
DA:54,2
DA:55,2
DA:56,1
DA:57,1
DA:58,1
DA:59,1
DA:60,1
DA:61,1
DA:62,1
DA:65,2
DA:79,2
DA:80,1
DA:81,1
DA:82,1
DA:83,2
DA:84,2
DA:85,2
DA:86,1
DA:87,2
DA:88,1
DA:90,2
DA:92,2
DA:93,2
LF:43
LH:43
end_of_record
SF:lib/features/transactions/domain/usecases/watch_transactions_usecase.dart
DA:7,4
DA:11,4
DA:12,8
LF:3
LH:3
end_of_record
SF:lib/features/home/presentation/summary/bloc/summary_effect.dart
DA:4,1
DA:8,1
LF:2
LH:2
end_of_record
SF:lib/features/transactions/domain/usecases/transactions_failure_mapper.dart
DA:4,5
DA:5,5
DA:8,5
DA:9,5
DA:10,5
DA:15,1
DA:16,1
DA:17,1
DA:18,1
DA:19,1
DA:25,1
DA:26,1
LF:12
LH:12
end_of_record
SF:lib/features/auth/domain/usecases/sign_in_with_fb_usecase.dart
DA:8,2
DA:12,1
DA:14,1
DA:15,3
DA:16,1
DA:20,1
DA:21,1
DA:24,1
DA:25,1
DA:26,1
DA:31,1
DA:32,0
DA:33,0
DA:38,1
DA:39,1
LF:15
LH:13
end_of_record
SF:lib/features/auth/domain/usecases/sign_in_with_google_usecase.dart
DA:8,2
DA:12,2
DA:14,2
DA:15,6
DA:16,2
DA:20,2
DA:21,2
DA:24,2
DA:25,2
DA:26,2
DA:31,1
DA:32,0
DA:33,0
DA:38,1
DA:39,1
LF:15
LH:13
end_of_record
SF:lib/features/auth/domain/usecases/sign_out_usecase.dart
DA:7,2
DA:11,2
DA:13,8
DA:16,1
DA:17,1
DA:20,1
DA:21,1
DA:22,1
DA:27,1
DA:28,0
DA:29,0
DA:34,1
DA:35,1
LF:13
LH:11
end_of_record
SF:lib/features/auth/domain/usecases/watch_auth_state_usecase.dart
DA:7,1
DA:11,1
DA:12,2
LF:3
LH:3
end_of_record
SF:lib/features/auth/presentation/login/bloc/auth_bloc.dart
DA:16,1
DA:22,1
DA:23,2
DA:24,2
DA:25,2
DA:26,2
DA:27,2
DA:28,2
DA:38,1
DA:42,1
DA:46,5
DA:47,3
DA:48,0
DA:50,0
DA:51,0
DA:56,1
DA:61,1
DA:62,1
DA:63,2
DA:65,1
DA:72,1
DA:76,4
DA:77,3
DA:80,1
DA:84,1
DA:86,4
DA:87,2
DA:88,2
DA:89,1
DA:90,1
DA:91,2
DA:92,2
DA:99,0
DA:103,0
DA:105,0
DA:106,0
DA:107,0
DA:108,0
DA:109,0
DA:110,0
DA:111,0
DA:118,1
DA:122,1
DA:124,4
DA:125,2
DA:126,2
DA:127,0
DA:128,0
DA:129,0
DA:130,0
DA:137,1
DA:139,2
DA:140,1
LF:53
LH:37
end_of_record
SF:lib/features/auth/presentation/login/bloc/auth_event.dart
DA:5,2
DA:7,0
DA:12,1
DA:16,2
DA:20,1
DA:24,2
DA:28,2
DA:32,1
DA:33,2
DA:37,2
DA:41,1
DA:42,2
LF:12
LH:11
end_of_record
SF:lib/features/auth/presentation/login/bloc/auth_state.dart
DA:7,1
DA:14,2
DA:25,0
DA:27,1
DA:34,1
DA:35,1
DA:36,1
DA:37,0
DA:38,1
DA:42,1
DA:43,5
LF:11
LH:9
end_of_record
SF:lib/features/auth/presentation/login/bloc/auth_effect.dart
DA:4,1
DA:8,1
LF:2
LH:2
end_of_record
SF:lib/features/add_expense/presentation/add_expense/bloc/expense_bloc.dart
DA:11,1
DA:12,3
DA:13,2
DA:14,2
DA:15,2
DA:20,1
DA:24,3
DA:25,1
DA:29,2
DA:30,1
DA:34,3
DA:35,1
DA:39,1
DA:41,2
DA:42,1
DA:44,2
DA:45,5
DA:46,1
DA:47,3
DA:49,2
DA:52,1
DA:54,4
DA:55,1
DA:56,1
DA:57,1
DA:58,1
DA:59,2
DA:66,1
DA:67,3
DA:70,1
DA:71,1
LF:31
LH:31
end_of_record
SF:lib/features/add_expense/presentation/add_expense/bloc/expense_event.dart
DA:5,2
DA:7,0
DA:8,0
DA:19,2
DA:28,1
DA:29,1
DA:30,1
DA:31,1
DA:32,1
DA:33,1
DA:34,1
DA:35,1
DA:40,1
DA:44,1
LF:14
LH:12
end_of_record
SF:lib/features/add_expense/presentation/add_expense/bloc/expense_state.dart
DA:5,2
DA:7,0
DA:8,0
DA:12,1
DA:16,1
DA:20,1
DA:26,1
DA:28,1
DA:29,2
DA:39,2
DA:47,1
DA:48,6
DA:50,1
DA:57,1
DA:58,0
DA:59,0
DA:60,0
DA:61,0
DA:62,0
LF:19
LH:12
end_of_record
SF:lib/features/transactions/domain/usecases/add_transaction_usecase.dart
DA:7,3
DA:14,3
DA:18,3
DA:20,3
DA:21,12
LF:5
LH:5
end_of_record
SF:lib/features/add_expense/presentation/add_expense/services/expense_ai_service.dart
DA:13,1
DA:21,1
DA:22,1
DA:23,1
DA:24,1
DA:25,1
DA:26,1
DA:27,2
DA:31,1
DA:32,1
DA:33,1
DA:34,2
DA:35,1
DA:36,1
DA:37,3
DA:46,0
DA:47,0
DA:50,0
DA:52,0
DA:54,0
DA:55,0
DA:56,0
DA:57,0
DA:58,0
DA:61,0
DA:63,0
DA:67,1
DA:69,1
DA:70,1
DA:72,2
DA:75,1
DA:76,1
DA:77,5
DA:78,2
DA:85,1
DA:89,0
DA:111,1
DA:113,2
DA:114,1
DA:115,1
DA:116,1
DA:117,1
DA:123,1
DA:124,1
DA:125,1
DA:131,2
DA:132,2
DA:134,6
DA:135,1
DA:136,1
DA:137,1
DA:139,1
DA:140,3
DA:144,1
DA:147,0
DA:153,1
DA:155,1
DA:158,2
DA:160,2
DA:164,1
DA:165,1
DA:166,0
DA:167,0
DA:169,0
DA:170,0
DA:171,0
DA:173,0
DA:174,0
DA:175,0
DA:179,1
DA:183,4
DA:188,0
DA:194,0
DA:196,0
DA:197,0
DA:201,0
DA:204,0
DA:209,0
DA:210,0
LF:79
LH:50
end_of_record
SF:lib/core/workspace/current_workspace.dart
DA:4,3
DA:11,2
DA:14,2
DA:26,9
DA:28,2
DA:29,2
DA:31,2
DA:32,2
DA:36,0
DA:42,0
DA:43,0
DA:44,0
DA:45,0
DA:46,0
LF:14
LH:8
end_of_record
SF:lib/features/workspace/application/current_workspace_controller.dart
DA:11,1
DA:15,5
DA:16,3
DA:29,1
DA:30,1
DA:32,1
DA:33,2
DA:35,1
DA:37,1
DA:38,3
DA:41,1
DA:42,2
DA:43,2
DA:46,1
DA:47,1
DA:48,1
DA:49,1
DA:50,3
DA:56,1
DA:59,1
DA:64,2
DA:67,1
DA:69,0
DA:72,4
DA:74,2
DA:75,1
DA:77,1
DA:80,3
DA:81,1
DA:82,3
DA:86,3
DA:87,3
DA:91,1
DA:95,1
DA:96,2
DA:102,3
DA:106,0
DA:107,0
DA:111,0
LF:39
LH:35
end_of_record
SF:lib/features/workspace/domain/usecases/ensure_personal_workspace_usecase.dart
DA:6,1
DA:10,1
DA:11,2
DA:14,1
DA:18,2
LF:5
LH:5
end_of_record
SF:lib/features/workspace/domain/entities/workspace_detail_entity.dart
DA:5,1
DA:23,1
DA:32,1
DA:33,1
DA:34,1
DA:35,1
DA:36,1
DA:37,1
DA:38,1
DA:39,1
DA:43,1
DA:44,1
DA:45,1
DA:46,1
DA:47,1
DA:48,1
DA:49,1
DA:50,1
DA:51,1
LF:19
LH:19
end_of_record
SF:lib/features/workspace/domain/entities/workspace_invitation_entity.dart
DA:11,1
DA:31,1
DA:41,1
DA:42,1
DA:43,1
DA:44,1
DA:45,1
DA:46,0
DA:47,1
DA:48,1
DA:49,0
DA:53,1
DA:54,1
DA:55,1
DA:56,1
DA:57,1
DA:58,1
DA:59,1
DA:60,1
DA:61,1
DA:62,1
LF:21
LH:19
end_of_record
SF:lib/features/workspace/domain/entities/workspace_member_entity.dart
DA:9,1
DA:25,4
DA:27,4
DA:29,4
DA:31,1
DA:39,1
DA:40,1
DA:41,1
DA:42,1
DA:43,0
DA:44,0
DA:45,1
DA:49,1
DA:50,1
DA:51,1
DA:52,1
DA:53,1
DA:54,1
DA:55,1
DA:56,1
LF:20
LH:18
end_of_record
SF:lib/features/workspace/data/datasources/workspace_remote_data_source.dart
DA:8,1
DA:12,1
DA:13,4
DA:16,1
DA:17,3
DA:18,1
DA:19,1
DA:20,1
DA:21,1
DA:26,1
DA:27,4
DA:28,1
DA:29,1
DA:33,0
DA:34,0
LF:15
LH:13
end_of_record
SF:lib/features/workspace/data/models/workspace_model.dart
DA:6,2
DA:13,1
DA:16,1
DA:28,1
DA:31,1
DA:32,1
DA:33,1
DA:34,1
DA:35,1
DA:36,1
DA:38,1
DA:43,1
DA:44,1
DA:45,1
DA:46,2
DA:47,1
DA:51,1
DA:52,1
DA:53,1
DA:54,1
DA:55,1
DA:56,1
DA:60,1
DA:62,1
LF:24
LH:24
end_of_record
SF:lib/features/workspace/data/repositories/workspace_repository_impl.dart
DA:13,1
DA:18,1
DA:20,2
DA:24,1
DA:25,1
DA:28,1
DA:30,0
DA:31,0
DA:35,1
DA:37,3
DA:38,1
DA:40,4
DA:41,3
DA:42,1
DA:43,3
DA:45,1
DA:48,2
DA:50,2
DA:53,1
DA:56,3
DA:57,1
DA:59,0
DA:61,0
DA:64,2
DA:66,1
DA:69,2
DA:71,2
DA:73,0
DA:76,2
DA:77,1
DA:78,1
DA:83,1
DA:84,1
DA:85,2
DA:86,1
DA:89,1
LF:36
LH:31
end_of_record
SF:lib/features/workspace/domain/entities/workspace_entity.dart
DA:5,3
DA:13,3
DA:16,3
DA:30,9
DA:32,1
DA:39,1
DA:40,1
DA:41,0
DA:42,1
DA:43,0
DA:44,1
DA:48,1
DA:49,6
LF:13
LH:11
end_of_record
SF:lib/features/workspace/presentation/bloc/workspace_bloc.dart
DA:15,1
DA:19,1
DA:20,2
DA:21,2
DA:22,2
DA:23,2
DA:24,2
DA:33,1
DA:37,3
DA:39,1
DA:40,4
DA:41,2
DA:42,0
DA:43,0
DA:46,1
DA:47,4
DA:48,2
DA:52,1
DA:56,4
DA:60,3
DA:61,4
DA:64,1
DA:68,5
DA:69,2
DA:72,2
DA:74,3
DA:75,2
DA:76,3
DA:79,1
DA:85,1
DA:86,2
DA:87,1
DA:95,1
DA:96,1
DA:97,1
DA:98,1
DA:107,1
DA:108,2
DA:110,4
DA:115,0
DA:119,0
DA:120,0
DA:123,1
DA:127,1
DA:129,0
DA:133,4
DA:137,7
DA:141,4
DA:144,1
DA:148,1
DA:152,4
DA:155,2
DA:158,1
DA:159,1
DA:160,1
DA:161,1
DA:162,1
DA:163,1
DA:167,1
DA:171,2
DA:172,2
DA:179,1
DA:181,2
DA:182,2
DA:183,1
LF:65
LH:59
end_of_record
SF:lib/features/workspace/presentation/bloc/workspace_effect.dart
DA:4,1
DA:8,0
DA:14,1
LF:3
LH:2
end_of_record
SF:lib/features/workspace/presentation/bloc/workspace_event.dart
DA:6,1
DA:10,1
DA:14,1
DA:20,1
DA:26,0
DA:32,1
LF:6
LH:5
end_of_record
SF:lib/features/workspace/presentation/bloc/workspace_state.dart
DA:5,1
DA:17,1
DA:24,1
DA:25,1
DA:26,1
DA:27,1
DA:28,0
DA:32,1
DA:33,1
DA:34,1
DA:35,1
DA:36,1
DA:37,1
LF:13
LH:12
end_of_record
SF:lib/features/transactions/data/models/transaction_model.dart
DA:6,3
DA:36,2
DA:37,2
DA:38,2
DA:39,2
DA:40,2
DA:41,2
DA:42,2
DA:43,2
DA:44,2
DA:45,2
DA:46,2
DA:47,2
DA:48,2
DA:49,2
DA:53,0
DA:68,0
DA:69,0
DA:70,0
DA:71,0
DA:72,0
DA:73,0
DA:74,0
DA:75,0
DA:76,0
DA:77,0
DA:78,0
DA:80,0
DA:82,0
DA:83,0
DA:87,2
DA:88,2
DA:89,2
DA:90,2
DA:91,4
DA:92,4
DA:93,2
DA:94,2
DA:95,2
DA:96,2
DA:97,2
DA:98,2
DA:99,2
DA:100,2
DA:101,2
DA:105,4
DA:107,4
DA:110,2
DA:113,2
DA:114,2
DA:116,2
DA:117,2
DA:118,0
DA:120,0
DA:121,0
DA:124,2
DA:125,2
DA:126,2
DA:127,4
DA:128,0
DA:129,4
DA:130,2
DA:131,2
DA:132,2
DA:133,2
DA:134,2
DA:135,2
DA:136,2
DA:137,2
DA:141,2
DA:142,2
DA:143,2
DA:144,2
DA:145,2
DA:146,2
DA:147,2
DA:148,2
DA:149,2
DA:150,2
DA:151,2
DA:152,2
DA:153,2
DA:154,2
LF:83
LH:64
end_of_record
SF:lib/features/transactions/data/datasources/transactions_remote_data_source.dart
DA:9,1
DA:13,1
DA:14,1
DA:15,1
DA:16,2
DA:17,1
DA:20,1
DA:21,3
DA:24,1
DA:25,1
DA:26,1
DA:27,1
DA:28,1
DA:29,1
DA:30,1
DA:31,1
DA:32,3
DA:33,1
DA:38,1
DA:41,1
DA:42,1
DA:43,1
DA:44,1
DA:45,1
DA:46,3
DA:47,1
DA:50,1
DA:51,4
DA:52,1
DA:53,1
DA:57,1
DA:58,1
DA:59,2
DA:60,3
DA:63,1
DA:64,3
DA:65,1
DA:67,1
DA:69,1
LF:39
LH:39
end_of_record
SF:lib/features/transactions/data/repositories/transactions_repository_impl.dart
DA:15,1
DA:25,1
DA:27,2
DA:31,1
DA:32,1
DA:34,1
DA:35,1
DA:36,1
DA:37,1
DA:38,1
DA:39,2
DA:41,0
DA:42,0
DA:46,0
DA:50,3
DA:51,1
DA:52,1
DA:53,1
DA:56,0
DA:57,0
DA:62,2
DA:63,1
DA:67,2
DA:68,1
DA:70,2
DA:71,1
DA:73,2
DA:74,1
DA:75,1
DA:80,0
DA:82,0
DA:83,0
DA:84,0
DA:87,1
DA:89,1
DA:90,2
DA:91,2
DA:92,0
DA:93,2
DA:94,2
DA:97,1
DA:99,1
DA:100,1
DA:101,2
DA:104,1
DA:106,1
DA:107,2
DA:110,1
DA:115,2
DA:116,1
DA:117,1
DA:118,0
DA:121,1
DA:122,2
DA:126,1
DA:132,2
DA:133,1
DA:135,1
DA:136,1
DA:139,1
DA:140,2
DA:143,1
DA:144,4
DA:147,1
DA:148,2
DA:149,1
DA:150,1
DA:151,1
DA:153,2
DA:155,0
DA:161,1
LF:71
LH:59
end_of_record
SF:lib/features/transactions/domain/usecases/delete_transaction_usecase.dart
DA:6,2
DA:14,2
DA:18,2
DA:20,2
DA:21,8
LF:5
LH:5
end_of_record
SF:lib/features/transactions/domain/usecases/update_transaction_usecase.dart
DA:7,2
DA:15,2
DA:19,2
DA:21,2
DA:22,8
LF:5
LH:5
end_of_record
SF:lib/features/transactions/presentation/transactions/bloc/transactions_event.dart
DA:5,2
DA:7,1
DA:8,1
DA:12,0
DA:16,2
DA:20,1
DA:21,2
DA:25,2
DA:29,1
DA:30,2
DA:34,2
DA:38,1
DA:39,2
DA:43,1
DA:48,1
DA:58,0
DA:59,0
DA:60,0
DA:61,0
DA:62,0
DA:67,2
DA:71,1
DA:72,2
DA:76,2
DA:80,1
DA:81,2
DA:85,1
DA:89,1
DA:90,2
LF:29
LH:23
end_of_record
SF:lib/features/transactions/domain/usecases/share_transaction_usecase.dart
DA:7,1
DA:19,1
DA:23,1
DA:25,1
DA:26,3
DA:27,1
DA:28,1
LF:7
LH:7
end_of_record
SF:lib/features/transactions/presentation/transactions/bloc/transactions_bloc.dart
DA:19,1
DA:25,1
DA:26,2
DA:27,2
DA:28,2
DA:29,2
DA:30,2
DA:31,2
DA:32,2
DA:33,2
DA:34,2
DA:48,1
DA:52,1
DA:56,3
DA:59,3
DA:60,2
DA:61,3
DA:62,0
DA:63,0
DA:64,0
DA:68,1
DA:69,1
DA:70,2
DA:72,1
DA:75,3
DA:79,1
DA:84,1
DA:85,1
DA:87,0
DA:90,0
DA:93,1
DA:94,1
DA:95,0
DA:97,3
DA:100,1
DA:104,4
DA:105,3
DA:108,1
DA:112,1
DA:114,5
DA:115,2
DA:116,2
DA:117,1
DA:118,1
DA:119,2
DA:120,2
DA:127,1
DA:131,1
DA:133,1
DA:134,4
DA:135,2
DA:136,0
DA:137,1
DA:138,1
DA:139,2
DA:140,2
DA:147,1
DA:151,1
DA:153,2
DA:154,6
DA:155,2
DA:159,1
DA:160,1
DA:161,3
DA:163,3
DA:164,1
DA:166,1
DA:167,1
DA:175,1
DA:179,1
DA:184,2
DA:185,1
DA:186,1
DA:188,3
DA:189,6
DA:190,3
DA:191,2
DA:193,3
DA:196,1
DA:197,1
DA:198,3
DA:201,1
DA:202,1
DA:207,2
DA:208,1
DA:209,1
DA:210,1
DA:211,4
DA:214,1
DA:218,1
DA:219,1
DA:222,0
DA:223,0
DA:224,0
DA:225,0
DA:226,0
DA:228,0
DA:229,0
DA:232,3
DA:235,2
DA:238,1
DA:242,1
DA:244,5
DA:245,2
DA:246,1
DA:247,1
DA:248,1
DA:250,1
DA:251,1
DA:258,1
DA:262,1
DA:264,3
DA:265,1
DA:266,1
DA:267,1
DA:270,2
DA:271,1
DA:272,1
DA:273,1
DA:274,2
DA:277,1
DA:279,1
DA:280,1
DA:281,2
DA:282,2
DA:289,1
DA:291,2
DA:292,2
DA:293,1
DA:298,1
LF:130
LH:116
end_of_record
SF:lib/features/transactions/presentation/transactions/bloc/transactions_effect.dart
DA:4,2
DA:8,2
DA:14,2
DA:20,2
LF:4
LH:4
end_of_record
SF:lib/features/transactions/presentation/transactions/bloc/transactions_state.dart
DA:5,3
DA:15,1
DA:21,1
DA:22,1
DA:23,1
DA:24,1
DA:28,1
DA:29,4
LF:8
LH:8
end_of_record
SF:lib/features/profile_setting/domain/usecases/profile_failure_mapper.dart
DA:4,1
DA:5,1
DA:8,1
DA:9,1
DA:10,1
DA:15,1
DA:17,2
DA:18,1
DA:19,1
DA:25,1
DA:26,1
LF:11
LH:11
end_of_record
SF:lib/features/profile_setting/domain/entities/user_profile_entity.dart
DA:4,3
DA:20,3
DA:21,3
DA:22,3
DA:23,3
DA:24,3
DA:25,3
DA:26,3
DA:27,3
DA:30,1
DA:31,1
DA:32,1
DA:33,1
DA:34,1
DA:35,1
DA:36,1
DA:37,1
DA:40,2
DA:48,2
DA:49,2
DA:50,2
DA:51,1
DA:52,1
DA:53,1
DA:54,2
LF:25
LH:25
end_of_record
SF:lib/features/profile_setting/presentation/profile/bloc/profile_event.dart
DA:7,2
DA:9,0
DA:10,0
DA:14,1
DA:18,2
DA:22,1
DA:23,2
DA:27,2
DA:35,1
DA:36,3
DA:40,2
DA:48,1
DA:49,3
DA:53,1
DA:57,1
DA:61,1
DA:62,2
LF:17
LH:15
end_of_record
SF:lib/features/profile_setting/domain/usecases/update_profile_usecase.dart
DA:7,1
DA:14,1
DA:18,1
DA:20,1
DA:21,4
LF:5
LH:5
end_of_record
SF:lib/features/profile_setting/domain/usecases/upload_avatar_usecase.dart
DA:8,1
DA:21,1
DA:25,1
DA:27,1
DA:28,3
DA:29,1
DA:30,1
DA:31,1
LF:8
LH:8
end_of_record
SF:lib/features/profile_setting/domain/usecases/watch_profile_usecase.dart
DA:6,1
DA:13,1
DA:17,1
DA:18,3
LF:4
LH:4
end_of_record
SF:lib/features/profile_setting/presentation/profile/bloc/profile_bloc.dart
DA:17,1
DA:24,1
DA:25,2
DA:26,2
DA:27,2
DA:28,2
DA:29,2
DA:30,2
DA:43,1
DA:47,3
DA:48,2
DA:49,1
DA:51,1
DA:52,2
DA:57,1
DA:60,1
DA:62,1
DA:63,3
DA:65,1
DA:66,4
DA:67,1
DA:69,0
DA:70,1
DA:71,2
DA:73,0
DA:74,0
DA:75,0
DA:80,1
DA:84,1
DA:85,2
DA:86,1
DA:93,1
DA:97,2
DA:99,0
DA:103,1
DA:104,3
DA:105,0
DA:106,2
DA:107,2
DA:110,1
DA:112,1
DA:113,3
DA:114,2
DA:115,2
DA:119,0
DA:120,0
DA:121,0
DA:122,0
DA:127,0
DA:134,1
DA:138,2
DA:139,1
DA:141,0
DA:146,1
DA:148,3
DA:149,1
DA:151,1
DA:152,1
DA:155,2
DA:159,1
DA:161,1
DA:165,0
DA:166,0
DA:167,0
DA:168,0
DA:173,0
DA:183,1
DA:184,1
DA:186,1
DA:187,3
DA:188,2
DA:189,2
DA:193,0
DA:194,0
DA:195,0
DA:196,0
DA:201,0
DA:208,1
DA:212,1
DA:214,2
DA:215,2
DA:218,2
DA:219,1
DA:220,1
DA:221,1
DA:223,0
DA:224,0
DA:225,0
DA:226,0
DA:231,0
DA:238,0
DA:242,0
DA:243,0
DA:245,0
DA:248,0
DA:251,1
DA:252,1
DA:253,1
DA:254,1
DA:255,1
DA:256,1
DA:257,1
DA:261,1
DA:262,1
DA:263,1
DA:264,3
DA:265,1
DA:266,2
DA:270,1
DA:272,2
DA:273,1
LF:111
LH:79
end_of_record
SF:lib/features/profile_setting/presentation/profile/bloc/profile_state.dart
DA:5,1
DA:19,1
DA:27,1
DA:28,1
DA:29,1
DA:30,1
DA:31,1
DA:32,1
DA:36,1
DA:37,1
DA:38,1
DA:39,1
DA:40,1
DA:41,1
DA:42,1
LF:15
LH:15
end_of_record
SF:lib/features/profile_setting/presentation/profile/bloc/profile_effect.dart
DA:4,1
DA:8,1
DA:14,1
LF:3
LH:3
end_of_record
SF:lib/features/categories/application/categories_service.dart
DA:12,2
DA:29,1
DA:30,3
DA:33,1
DA:37,1
DA:38,2
DA:41,6
DA:42,1
DA:43,1
DA:44,1
DA:45,1
DA:48,0
DA:52,1
DA:53,1
DA:56,1
DA:57,2
DA:58,1
DA:60,1
DA:61,1
DA:62,1
DA:65,1
DA:69,1
DA:70,2
DA:71,1
DA:73,1
DA:74,1
DA:75,1
DA:77,1
DA:81,1
DA:82,2
DA:83,1
DA:85,1
DA:86,1
DA:87,1
DA:89,1
DA:93,1
DA:94,1
DA:97,1
DA:105,4
DA:106,1
LF:40
LH:39
end_of_record
SF:lib/features/categories/domain/entities/category_entity.dart
DA:5,5
DA:17,5
DA:18,20
DA:33,2
DA:34,2
DA:35,6
DA:36,4
DA:38,3
DA:39,2
DA:41,2
DA:42,0
DA:43,0
DA:44,0
DA:46,0
DA:50,1
DA:53,1
DA:66,1
DA:67,0
DA:68,1
DA:69,0
DA:70,1
DA:71,1
DA:72,1
DA:73,1
DA:74,0
DA:75,1
DA:76,1
DA:77,0
DA:81,1
DA:82,1
DA:83,1
DA:84,1
DA:85,1
DA:86,1
DA:87,1
DA:88,1
DA:89,1
DA:90,1
DA:91,1
DA:92,1
DA:93,1
DA:96,1
DA:97,1
DA:98,2
DA:99,2
DA:100,2
DA:101,3
DA:102,2
DA:103,3
DA:104,2
DA:105,1
DA:106,1
DA:107,1
DA:108,2
LF:54
LH:46
end_of_record
SF:lib/features/categories/domain/usecases/create_workspace_category_usecase.dart
DA:6,2
DA:14,3
DA:18,2
DA:20,2
DA:21,8
DA:27,2
DA:28,2
DA:31,1
DA:32,1
DA:33,2
DA:36,1
DA:37,1
LF:12
LH:12
end_of_record
SF:lib/features/categories/domain/usecases/delete_workspace_category_usecase.dart
DA:5,2
DA:13,3
DA:17,2
DA:19,2
DA:20,8
DA:26,2
DA:27,2
DA:30,1
DA:31,1
LF:9
LH:9
end_of_record
SF:lib/features/categories/domain/usecases/load_categories_usecase.dart
DA:7,3
DA:11,2
DA:13,2
DA:14,4
DA:15,2
DA:19,1
DA:20,1
DA:23,1
DA:24,1
LF:9
LH:9
end_of_record
SF:lib/features/categories/domain/usecases/update_workspace_category_usecase.dart
DA:6,2
DA:14,3
DA:18,2
DA:20,2
DA:21,8
DA:27,2
DA:28,2
DA:31,1
DA:32,1
DA:33,2
DA:36,1
DA:37,1
LF:12
LH:12
end_of_record
SF:lib/features/categories/domain/usecases/watch_workspace_categories_usecase.dart
DA:7,3
DA:11,2
DA:12,4
LF:3
LH:3
end_of_record
SF:lib/features/categories/data/datasources/category_remote_data_source.dart
DA:8,1
DA:12,1
DA:13,2
DA:16,1
DA:19,1
DA:20,1
DA:21,2
DA:22,1
DA:27,0
DA:28,0
DA:29,0
DA:30,0
DA:31,0
DA:35,1
DA:36,2
DA:37,1
DA:38,1
DA:39,1
DA:44,1
DA:45,3
DA:46,1
DA:47,3
DA:51,1
DA:54,2
DA:55,3
DA:58,1
DA:62,1
DA:63,1
DA:64,2
DA:65,1
DA:66,2
DA:67,2
DA:68,1
DA:72,0
DA:76,0
DA:77,0
DA:80,0
DA:81,0
LF:38
LH:28
end_of_record
SF:lib/features/categories/data/models/category_model.dart
DA:6,2
DA:32,1
DA:33,1
DA:34,1
DA:35,1
DA:36,1
DA:37,1
DA:38,1
DA:39,1
DA:40,1
DA:41,1
DA:42,1
DA:43,1
DA:44,1
DA:48,1
DA:51,1
DA:52,2
DA:55,1
DA:56,1
DA:57,2
DA:60,1
DA:61,1
DA:62,1
DA:63,1
DA:64,1
DA:65,1
DA:66,1
DA:67,1
DA:68,1
DA:69,1
DA:70,1
DA:71,1
DA:72,1
DA:76,1
DA:77,1
DA:78,2
DA:79,2
DA:80,3
DA:81,2
DA:82,1
DA:83,1
DA:84,1
DA:85,1
DA:89,1
DA:94,1
DA:96,1
DA:97,1
DA:98,2
DA:99,2
DA:100,2
DA:102,1
DA:103,2
DA:104,2
DA:105,1
DA:109,1
DA:110,1
DA:111,2
DA:112,3
DA:115,0
DA:118,1
DA:119,1
DA:120,0
DA:122,1
DA:128,1
DA:141,1
DA:142,0
DA:143,1
DA:144,1
DA:145,1
DA:146,1
DA:147,1
DA:148,1
DA:149,1
DA:150,1
DA:151,1
DA:152,1
LF:76
LH:73
end_of_record
SF:lib/features/categories/data/repositories/category_repository_impl.dart
DA:15,1
DA:25,1
DA:27,2
DA:28,2
DA:29,1
DA:30,0
DA:31,0
DA:32,0
DA:34,0
DA:41,0
DA:43,0
DA:46,1
DA:48,3
DA:49,2
DA:50,1
DA:51,1
DA:53,2
DA:54,1
DA:55,1
DA:61,1
DA:66,2
DA:67,3
DA:68,1
DA:71,2
DA:72,3
DA:73,1
DA:75,2
DA:76,2
DA:78,2
DA:81,1
DA:82,1
DA:85,2
DA:88,6
DA:94,1
DA:95,1
DA:96,1
DA:98,1
DA:99,1
DA:103,1
DA:107,0
DA:110,1
DA:111,1
DA:112,1
DA:114,1
DA:115,1
DA:119,3
DA:122,1
DA:123,2
DA:125,1
DA:127,3
DA:128,1
DA:129,1
DA:131,1
DA:133,1
DA:134,1
DA:140,1
DA:142,2
DA:146,1
DA:147,1
DA:149,1
DA:150,2
DA:151,2
DA:154,1
DA:161,1
DA:162,1
DA:164,1
DA:165,3
DA:167,0
DA:171,4
DA:172,1
DA:173,1
DA:175,1
DA:178,2
DA:179,1
DA:183,2
DA:184,1
DA:186,2
DA:187,1
DA:189,2
DA:190,1
DA:191,1
DA:196,1
DA:198,1
DA:199,2
DA:200,2
DA:201,1
DA:202,1
DA:206,1
DA:208,1
DA:209,1
DA:210,1
DA:211,1
DA:217,1
DA:218,1
DA:219,2
DA:220,1
DA:222,1
DA:226,2
DA:227,1
DA:230,1
DA:232,1
DA:233,1
DA:234,1
DA:235,1
DA:241,1
DA:242,2
DA:245,1
DA:247,1
DA:248,2
LF:109
LH:101
end_of_record
SF:lib/features/budget/data/models/budget_model.dart
DA:5,3
DA:23,2
DA:24,2
DA:25,2
DA:26,2
DA:27,2
DA:28,2
DA:29,2
DA:30,2
DA:31,2
DA:35,0
DA:44,0
DA:45,0
DA:46,0
DA:47,0
DA:48,0
DA:49,0
DA:50,0
DA:51,0
DA:55,2
DA:56,2
DA:57,2
DA:58,2
DA:59,2
DA:60,4
DA:61,4
DA:62,2
DA:64,4
DA:65,4
DA:67,2
DA:68,0
DA:71,4
DA:76,2
DA:77,2
DA:78,2
DA:79,2
DA:80,2
DA:82,0
DA:85,0
DA:86,0
DA:88,0
DA:91,2
DA:92,2
DA:94,2
DA:95,2
DA:97,4
DA:98,4
DA:99,4
DA:101,2
DA:102,0
DA:104,2
DA:108,2
DA:109,2
DA:110,2
DA:111,2
DA:112,2
DA:113,2
DA:114,2
DA:115,2
DA:116,2
LF:60
LH:45
end_of_record
SF:lib/features/budget/domain/entities/budget_entity.dart
DA:4,7
DA:22,3
DA:23,3
DA:24,3
DA:25,3
DA:26,3
DA:27,3
DA:28,3
DA:29,3
DA:30,3
DA:33,1
DA:34,1
DA:35,1
DA:36,1
DA:37,1
DA:38,2
DA:39,2
DA:40,1
DA:41,1
DA:44,2
DA:53,2
DA:54,1
DA:55,1
DA:56,1
DA:57,2
DA:58,2
DA:59,1
DA:60,2
LF:28
LH:28
end_of_record
SF:lib/features/budget/data/datasources/budget_remote_data_source.dart
DA:9,1
DA:13,1
DA:16,1
DA:17,1
DA:18,2
DA:19,1
DA:22,1
DA:23,3
DA:26,1
DA:27,1
DA:28,1
DA:29,1
DA:30,1
DA:31,2
DA:32,1
DA:33,1
DA:37,1
DA:38,4
DA:39,1
DA:40,1
DA:44,1
DA:45,1
DA:46,2
DA:47,3
DA:50,1
DA:51,3
LF:26
LH:26
end_of_record
SF:lib/features/budget/data/repositories/budget_repository_impl.dart
DA:14,1
DA:24,1
DA:26,2
DA:30,1
DA:31,0
DA:33,1
DA:34,4
DA:37,1
DA:38,4
DA:40,1
DA:42,0
DA:46,3
DA:47,0
DA:48,0
DA:50,1
DA:52,1
DA:55,2
DA:56,1
DA:58,2
DA:59,1
DA:61,2
DA:62,1
DA:63,1
DA:68,1
DA:70,1
DA:71,1
DA:72,2
DA:73,2
DA:74,0
DA:75,2
DA:76,2
DA:79,1
DA:81,1
DA:82,1
DA:83,1
DA:84,2
DA:87,1
DA:89,1
DA:90,1
DA:91,2
DA:94,1
DA:95,2
DA:96,1
DA:97,1
DA:98,1
DA:101,2
DA:103,0
DA:109,1
DA:112,1
DA:113,2
DA:114,1
DA:117,3
DA:118,2
DA:121,1
LF:54
LH:48
end_of_record
SF:lib/features/budget/domain/usecases/budget_failure_mapper.dart
DA:4,3
DA:5,3
DA:8,3
DA:9,3
DA:10,3
DA:15,1
DA:17,4
DA:18,1
DA:19,1
DA:25,1
DA:26,1
LF:11
LH:11
end_of_record
SF:lib/features/budget/domain/usecases/add_budget_usecase.dart
DA:7,2
DA:14,2
DA:18,2
DA:20,2
DA:21,8
LF:5
LH:5
end_of_record
SF:lib/features/budget/domain/usecases/delete_budget_usecase.dart
DA:6,2
DA:13,2
DA:17,2
DA:19,2
DA:20,8
LF:5
LH:5
end_of_record
SF:lib/features/budget/domain/usecases/update_budget_usecase.dart
DA:7,2
DA:14,2
DA:18,2
DA:20,2
DA:21,8
LF:5
LH:5
end_of_record
SF:lib/features/budget/domain/usecases/watch_budgets_usecase.dart
DA:7,2
DA:11,2
DA:12,4
LF:3
LH:3
end_of_record
SF:lib/features/budget/domain/entities/budget_progress.dart
DA:4,2
DA:16,2
DA:17,2
DA:18,2
DA:19,2
DA:20,2
DA:21,2
DA:24,1
DA:25,1
DA:26,1
DA:27,1
DA:28,1
DA:29,1
LF:13
LH:13
end_of_record
SF:lib/features/budget/presentation/budget/bloc/budget_effect.dart
DA:5,2
DA:9,2
DA:15,2
DA:21,2
LF:4
LH:4
end_of_record
SF:lib/features/budget/presentation/budget/bloc/budget_bloc.dart
DA:25,1
DA:33,1
DA:34,2
DA:35,2
DA:36,2
DA:37,2
DA:38,2
DA:39,2
DA:40,2
DA:41,2
DA:42,2
DA:43,2
DA:44,2
DA:67,1
DA:71,1
DA:75,3
DA:78,5
DA:79,3
DA:80,0
DA:81,0
DA:82,0
DA:86,1
DA:87,3
DA:88,3
DA:92,5
DA:93,3
DA:94,0
DA:95,0
DA:96,0
DA:100,1
DA:101,3
DA:102,3
DA:106,1
DA:110,1
DA:113,3
DA:116,1
DA:118,1
DA:119,1
DA:121,0
DA:124,0
DA:127,1
DA:128,1
DA:129,0
DA:131,1
DA:132,1
DA:135,1
DA:139,2
DA:140,1
DA:143,1
DA:144,3
DA:145,3
DA:148,1
DA:149,1
DA:153,1
DA:155,5
DA:156,2
DA:157,2
DA:158,1
DA:159,1
DA:160,2
DA:161,2
DA:168,1
DA:172,1
DA:176,1
DA:178,5
DA:179,2
DA:180,2
DA:181,1
DA:182,1
DA:183,2
DA:184,2
DA:191,1
DA:195,1
DA:197,1
DA:201,2
DA:202,6
DA:203,2
DA:207,2
DA:208,3
DA:210,3
DA:211,1
DA:213,1
DA:222,1
DA:226,1
DA:231,2
DA:232,1
DA:233,1
DA:235,3
DA:236,6
DA:237,3
DA:238,2
DA:240,3
DA:243,1
DA:244,1
DA:245,3
DA:248,1
DA:249,1
DA:254,0
DA:255,0
DA:256,0
DA:257,0
DA:258,0
DA:261,1
DA:265,1
DA:266,0
DA:268,0
DA:269,0
DA:270,0
DA:271,0
DA:272,0
DA:274,0
DA:279,1
DA:281,5
DA:282,2
DA:283,1
DA:284,1
DA:285,1
DA:287,1
DA:288,1
DA:289,1
DA:292,0
DA:293,0
DA:294,0
DA:295,0
DA:296,0
DA:298,0
DA:299,0
DA:306,2
DA:309,2
DA:316,0
DA:320,0
DA:323,0
DA:327,0
DA:328,0
DA:332,0
DA:333,0
DA:335,0
DA:336,0
DA:337,0
DA:343,0
DA:344,0
DA:346,0
DA:347,0
DA:352,1
DA:353,3
DA:354,1
DA:355,2
DA:356,2
DA:358,2
DA:365,1
DA:369,1
DA:370,2
DA:372,3
DA:373,5
DA:374,2
DA:375,2
DA:377,2
DA:379,3
DA:380,1
DA:389,1
DA:390,3
DA:391,3
DA:392,3
DA:394,1
DA:395,2
DA:397,3
DA:398,3
DA:402,1
DA:403,2
DA:406,1
DA:407,1
DA:411,1
DA:412,2
DA:414,1
DA:418,1
DA:419,2
DA:420,1
DA:423,3
DA:424,2
DA:427,1
DA:429,2
DA:430,2
DA:431,2
DA:432,1
DA:437,1
LF:185
LH:143
end_of_record
SF:lib/features/budget/presentation/budget/bloc/budget_event.dart
DA:6,2
DA:8,0
DA:9,0
DA:13,1
DA:19,2
DA:21,1
DA:22,2
DA:26,2
DA:30,1
DA:31,2
DA:35,2
DA:39,1
DA:40,2
DA:46,1
DA:48,0
DA:49,0
DA:53,1
DA:57,1
DA:61,1
DA:62,2
DA:66,2
DA:70,1
DA:71,2
DA:75,2
DA:79,1
DA:80,2
DA:84,1
DA:88,1
DA:89,2
DA:93,0
DA:97,0
DA:98,0
LF:32
LH:25
end_of_record
SF:lib/features/budget/presentation/budget/bloc/budget_state.dart
DA:8,2
DA:28,1
DA:40,1
DA:41,1
DA:42,1
DA:43,1
DA:44,1
DA:45,1
DA:46,1
DA:47,1
DA:50,1
DA:54,1
DA:55,1
DA:56,1
DA:57,1
DA:58,1
DA:59,1
DA:60,1
DA:61,1
DA:62,1
DA:63,1
LF:21
LH:21
end_of_record
